{
  "stats": {
    "suites": 2,
    "tests": 1,
    "passes": 1,
    "pending": 0,
    "failures": 0,
    "start": "2023-10-27T09:43:41.923Z",
    "end": "2023-10-27T09:43:41.957Z",
    "duration": 34,
    "testsRegistered": 1,
    "passPercent": 100,
    "pendingPercent": 0,
    "other": 0,
    "hasOther": false,
    "skipped": 0,
    "hasSkipped": false
  },
  "results": [
    {
      "uuid": "ad0006fc-4403-42fb-b59d-f5d3a668effa",
      "title": "",
      "fullFile": "/home/runner/work/user-micro-service/user-micro-service/src/unit/user.test.js",
      "file": "/src/unit/user.test.js",
      "beforeHooks": [],
      "afterHooks": [],
      "tests": [],
      "suites": [
        {
          "uuid": "06b2a70c-91c8-41bd-9331-960f637f6a9f",
          "title": "User Routes, Controller, and Factory (Unit Tests)",
          "fullFile": "/home/runner/work/user-micro-service/user-micro-service/src/unit/user.test.js",
          "file": "/src/unit/user.test.js",
          "beforeHooks": [
            {
              "title": "\"before all\" hook in \"User Routes, Controller, and Factory (Unit Tests)\"",
              "fullTitle": "User Routes, Controller, and Factory (Unit Tests) \"before all\" hook in \"User Routes, Controller, and Factory (Unit Tests)\"",
              "timedOut": false,
              "duration": 3,
              "state": null,
              "speed": null,
              "pass": false,
              "fail": false,
              "pending": false,
              "context": null,
              "code": "// Stub User.createUser to return a Dummy user\n       const createUserStub = sinon.stub(User, 'createUser').resolves({\n   _id: '65153b534b51b249d08d138c',\n   name: 'Dummy User',\n   email: 'dummy@example.com',\n   age: 77\n        });\n // Stub user.generateAuthToken to return a mock token\n        const generateAuthTokenStub = sinon.stub().resolves('your-generated-token-here');\n        createUserStub.returns({ generateAuthToken: generateAuthTokenStub });",
              "err": {},
              "uuid": "5050d2e9-fb66-4ce6-9c00-0f50f6716812",
              "parentUUID": "06b2a70c-91c8-41bd-9331-960f637f6a9f",
              "isHook": true,
              "skipped": false
            }
          ],
          "afterHooks": [
            {
              "title": "\"after all\" hook in \"User Routes, Controller, and Factory (Unit Tests)\"",
              "fullTitle": "User Routes, Controller, and Factory (Unit Tests) \"after all\" hook in \"User Routes, Controller, and Factory (Unit Tests)\"",
              "timedOut": false,
              "duration": 0,
              "state": null,
              "speed": null,
              "pass": false,
              "fail": false,
              "pending": false,
              "context": null,
              "code": "sinon.restore();\nserver.close();",
              "err": {},
              "uuid": "79b606fb-9e1f-40bd-a2cd-09be3d41b64f",
              "parentUUID": "06b2a70c-91c8-41bd-9331-960f637f6a9f",
              "isHook": true,
              "skipped": false
            }
          ],
          "tests": [],
          "suites": [
            {
              "uuid": "14c5256e-6843-41dc-a528-e52c19b87d5b",
              "title": "User Routes",
              "fullFile": "/home/runner/work/user-micro-service/user-micro-service/src/unit/user.test.js",
              "file": "/src/unit/user.test.js",
              "beforeHooks": [],
              "afterHooks": [],
              "tests": [
                {
                  "title": "should handle POST /api/user/sign-up",
                  "fullTitle": "User Routes, Controller, and Factory (Unit Tests) User Routes should handle POST /api/user/sign-up",
                  "timedOut": false,
                  "duration": 26,
                  "state": "passed",
                  "speed": "fast",
                  "pass": true,
                  "fail": false,
                  "pending": false,
                  "context": null,
                  "code": "const response = await chai\n  .request(app)\n  .post('/api/user/sign-up')\n  .send({\n    \"name\":\"ravi\",\n    \"age\":27,\n    \"email\":\"ravi001101@tmpeml.com\",\n    \"password\":\"t23s70y\"\n});\nchai.expect(response).to.have.status(201); \nsinon.assert.calledWithExactly(User.createUser, {\n    \"name\":\"ravi\",\n    \"age\":27,\n    \"email\":\"ravi001101@tmpeml.com\",\n    \"password\":\"t23s70y\"\n});",
                  "err": {},
                  "uuid": "6a044d97-016f-4392-acef-3b9571cbb836",
                  "parentUUID": "14c5256e-6843-41dc-a528-e52c19b87d5b",
                  "isHook": false,
                  "skipped": false
                }
              ],
              "suites": [],
              "passes": [
                "6a044d97-016f-4392-acef-3b9571cbb836"
              ],
              "failures": [],
              "pending": [],
              "skipped": [],
              "duration": 26,
              "root": false,
              "rootEmpty": false,
              "_timeout": 2000
            }
          ],
          "passes": [],
          "failures": [],
          "pending": [],
          "skipped": [],
          "duration": 0,
          "root": false,
          "rootEmpty": false,
          "_timeout": 2000
        }
      ],
      "passes": [],
      "failures": [],
      "pending": [],
      "skipped": [],
      "duration": 0,
      "root": true,
      "rootEmpty": true,
      "_timeout": 2000
    }
  ],
  "meta": {
    "mocha": {
      "version": "10.2.0"
    },
    "mochawesome": {
      "options": {
        "quiet": false,
        "reportFilename": "mochawesome",
        "saveHtml": true,
        "saveJson": true,
        "consoleReporter": "spec",
        "useInlineDiffs": false,
        "code": true
      },
      "version": "7.1.3"
    },
    "marge": {
      "options": null,
      "version": "6.2.0"
    }
  }
}